<?xml version="1.0" encoding="UTF-8"?>
<!-- Generated by org.testng.reporters.JUnitReportReporter -->
<testsuite skipped="0" hostname="LAPTOP-4PMHK02B" name="com.qa.tests.DemoTest" tests="4" failures="0" timestamp="04 May 2021 15:58:34 GMT" time="0.016" errors="0">
  <testcase name="mul" time="0.000" classname="com.qa.tests.DemoTest"/>
  <testcase name="sub" time="0.000" classname="com.qa.tests.DemoTest"/>
  <testcase name="div" time="0.000" classname="com.qa.tests.DemoTest"/>
  <testcase name="add" time="0.016" classname="com.qa.tests.DemoTest"/>
</testsuite> <!-- com.qa.tests.DemoTest -->
